<?xml version="1.0" encoding="UTF-8"?>
<testng-results ignored="0" total="5" passed="5" failed="0" skipped="0">
  <reporter-output>
  </reporter-output>
  <suite started-at="2023-10-16T20:30:54 IST" name="Default suite" finished-at="2023-10-16T20:31:06 IST" duration-ms="12118">
    <groups>
    </groups>
    <test started-at="2023-10-16T20:30:54 IST" name="Default test" finished-at="2023-10-16T20:31:06 IST" duration-ms="12118">
      <class name="testclass.TestingUI">
        <test-method is-config="true" signature="website()[pri:0, instance:testclass.TestingUI@1ed6388a]" started-at="2023-10-16T20:30:54 IST" name="website" finished-at="2023-10-16T20:31:02 IST" duration-ms="7202" status="PASS">
          <reporter-output>
          </reporter-output>
        </test-method> <!-- website -->
        <test-method signature="veryuser()[pri:1, instance:testclass.TestingUI@1ed6388a]" started-at="2023-10-16T20:31:02 IST" name="veryuser" finished-at="2023-10-16T20:31:02 IST" duration-ms="121" status="PASS">
          <reporter-output>
          </reporter-output>
        </test-method> <!-- veryuser -->
        <test-method signature="veryfypass()[pri:2, instance:testclass.TestingUI@1ed6388a]" started-at="2023-10-16T20:31:02 IST" name="veryfypass" finished-at="2023-10-16T20:31:02 IST" duration-ms="217" status="PASS">
          <reporter-output>
          </reporter-output>
        </test-method> <!-- veryfypass -->
        <test-method signature="verifypage()[pri:3, instance:testclass.TestingUI@1ed6388a]" started-at="2023-10-16T20:31:02 IST" name="verifypage" finished-at="2023-10-16T20:31:03 IST" duration-ms="1079" status="PASS">
          <reporter-output>
          </reporter-output>
        </test-method> <!-- verifypage -->
        <test-method signature="verifypolicyassurance()[pri:4, instance:testclass.TestingUI@1ed6388a]" started-at="2023-10-16T20:31:03 IST" name="verifypolicyassurance" finished-at="2023-10-16T20:31:03 IST" duration-ms="441" status="PASS">
          <reporter-output>
          </reporter-output>
        </test-method> <!-- verifypolicyassurance -->
        <test-method signature="verifycration()[pri:5, instance:testclass.TestingUI@1ed6388a]" started-at="2023-10-16T20:31:03 IST" name="verifycration" finished-at="2023-10-16T20:31:06 IST" duration-ms="2751" status="PASS">
          <reporter-output>
          </reporter-output>
        </test-method> <!-- verifycration -->
        <test-method is-config="true" signature="tearDown()[pri:0, instance:testclass.TestingUI@1ed6388a]" started-at="2023-10-16T20:31:06 IST" name="tearDown" finished-at="2023-10-16T20:31:06 IST" duration-ms="190" status="PASS">
          <reporter-output>
          </reporter-output>
        </test-method> <!-- tearDown -->
      </class> <!-- testclass.TestingUI -->
    </test> <!-- Default test -->
  </suite> <!-- Default suite -->
</testng-results>
