<?xml version="1.0" encoding="UTF-8"?>
<!-- Generated by org.testng.reporters.JUnitXMLReporter -->
<testsuite ignored="0" hostname="DESKTOP-PGNCCBS" failures="0" tests="5" name="Default test" time="12.118" errors="0" timestamp="2023-10-16T20:31:06 IST">
  <testcase classname="testclass.TestingUI" name="veryuser" time="0.121"/>
  <testcase classname="testclass.TestingUI" name="veryfypass" time="0.217"/>
  <testcase classname="testclass.TestingUI" name="verifypage" time="1.079"/>
  <testcase classname="testclass.TestingUI" name="verifypolicyassurance" time="0.441"/>
  <testcase classname="testclass.TestingUI" name="verifycration" time="2.751"/>
</testsuite> <!-- Default test -->
